<?xml version="1.0" encoding="UTF-8"?>
<!-- Generated by org.testng.reporters.JUnitReportReporter -->
<testsuite skipped="0" hostname="Lenovo-PC" name="TestNGproject.baseClass" tests="1" failures="0" timestamp="2020-09-02T19:28:51 IST" time="137.451" errors="0">
  <testcase name="writeToExcel" time="137.451" classname="TestNGproject.baseClass"/>
  <system-out/>
</testsuite> <!-- TestNGproject.baseClass -->
